<?xml version="1.0" encoding="UTF-8"?>
<testsuite xmlns:xsi="http://www.w3.org/2001/XMLSchema-instance" xsi:noNamespaceSchemaLocation="https://maven.apache.org/surefire/maven-surefire-plugin/xsd/surefire-test-report-3.0.xsd" version="3.0" name="dev.passarelli.xprison.utils.misc.MathUtilsTest" time="0.013" tests="1" errors="0" skipped="0" failures="0">
  <properties>
    <property name="java.specification.version" value="17"/>
    <property name="sun.cpu.isalist" value="amd64"/>
    <property name="sun.jnu.encoding" value="Cp1252"/>
    <property name="java.class.path" value="C:\Users\ivano\IdeaProjects\X-Prison-Reloaded\target\test-classes;C:\Users\ivano\IdeaProjects\X-Prison-Reloaded\target\classes;C:\Users\ivano\.m2\repository\org\spigotmc\spigot-api\1.20.6-R0.1-SNAPSHOT\spigot-api-1.20.6-R0.1-SNAPSHOT.jar;C:\Users\ivano\.m2\repository\com\google\guava\guava\32.1.2-jre\guava-32.1.2-jre.jar;C:\Users\ivano\.m2\repository\com\google\guava\failureaccess\1.0.1\failureaccess-1.0.1.jar;C:\Users\ivano\.m2\repository\com\google\guava\listenablefuture\9999.0-empty-to-avoid-conflict-with-guava\listenablefuture-9999.0-empty-to-avoid-conflict-with-guava.jar;C:\Users\ivano\.m2\repository\com\google\errorprone\error_prone_annotations\2.18.0\error_prone_annotations-2.18.0.jar;C:\Users\ivano\.m2\repository\com\google\j2objc\j2objc-annotations\2.8\j2objc-annotations-2.8.jar;C:\Users\ivano\.m2\repository\com\google\code\gson\gson\2.10.1\gson-2.10.1.jar;C:\Users\ivano\.m2\repository\org\joml\joml\1.10.5\joml-1.10.5.jar;C:\Users\ivano\.m2\repository\net\md-5\bungeecord-chat\1.20-R0.2\bungeecord-chat-1.20-R0.2.jar;C:\Users\ivano\.m2\repository\org\yaml\snakeyaml\2.2\snakeyaml-2.2.jar;C:\Users\ivano\.m2\repository\com\mojang\authlib\4.0.43\authlib-4.0.43.jar;C:\Users\ivano\.m2\repository\com\google\code\findbugs\jsr305\3.0.2\jsr305-3.0.2.jar;C:\Users\ivano\.m2\repository\commons-io\commons-io\2.11.0\commons-io-2.11.0.jar;C:\Users\ivano\.m2\repository\org\apache\commons\commons-lang3\3.12.0\commons-lang3-3.12.0.jar;C:\Users\ivano\.m2\repository\org\slf4j\slf4j-api\1.8.0-beta4\slf4j-api-1.8.0-beta4.jar;C:\Users\ivano\IdeaProjects\X-Prison-Reloaded\libs\plugins\MineResetLite.jar;C:\Users\ivano\IdeaProjects\X-Prison-Reloaded\libs\plugins\MVdWPlaceholderAPI.jar;C:\Users\ivano\.m2\repository\com\saicone\rtag\rtag\1.5.2\rtag-1.5.2.jar;C:\Users\ivano\.m2\repository\com\saicone\rtag\rtag-item\1.5.2\rtag-item-1.5.2.jar;C:\Users\ivano\.m2\repository\org\postgresql\postgresql\42.7.3\postgresql-42.7.3.jar;C:\Users\ivano\.m2\repository\org\checkerframework\checker-qual\3.42.0\checker-qual-3.42.0.jar;C:\Users\ivano\.m2\repository\com\github\cryptomorin\XSeries\9.10.0\XSeries-9.10.0.jar;C:\Users\ivano\.m2\repository\org\codemc\worldguardwrapper\worldguardwrapper\1.2.1-SNAPSHOT\worldguardwrapper-1.2.1-SNAPSHOT.jar;C:\Users\ivano\.m2\repository\me\clip\placeholderapi\2.11.5\placeholderapi-2.11.5.jar;C:\Users\ivano\.m2\repository\org\jetbrains\annotations\23.0.0\annotations-23.0.0.jar;C:\Users\ivano\.m2\repository\org\bstats\bstats-bukkit\3.0.1\bstats-bukkit-3.0.1.jar;C:\Users\ivano\.m2\repository\org\bstats\bstats-base\3.0.1\bstats-base-3.0.1.jar;C:\Users\ivano\.m2\repository\net\kyori\adventure-platform-bukkit\4.3.1\adventure-platform-bukkit-4.3.1.jar;C:\Users\ivano\.m2\repository\net\kyori\adventure-platform-api\4.3.1\adventure-platform-api-4.3.1.jar;C:\Users\ivano\.m2\repository\net\kyori\adventure-api\4.13.1\adventure-api-4.13.1.jar;C:\Users\ivano\.m2\repository\net\kyori\adventure-key\4.13.1\adventure-key-4.13.1.jar;C:\Users\ivano\.m2\repository\net\kyori\adventure-text-serializer-bungeecord\4.3.1\adventure-text-serializer-bungeecord-4.3.1.jar;C:\Users\ivano\.m2\repository\net\kyori\adventure-text-serializer-legacy\4.13.1\adventure-text-serializer-legacy-4.13.1.jar;C:\Users\ivano\.m2\repository\net\kyori\adventure-nbt\4.13.1\adventure-nbt-4.13.1.jar;C:\Users\ivano\.m2\repository\net\kyori\examination-api\1.3.0\examination-api-1.3.0.jar;C:\Users\ivano\.m2\repository\net\kyori\examination-string\1.3.0\examination-string-1.3.0.jar;C:\Users\ivano\.m2\repository\net\kyori\adventure-text-serializer-gson\4.13.1\adventure-text-serializer-gson-4.13.1.jar;C:\Users\ivano\.m2\repository\net\kyori\adventure-text-serializer-gson-legacy-impl\4.13.1\adventure-text-serializer-gson-legacy-impl-4.13.1.jar;C:\Users\ivano\.m2\repository\net\kyori\adventure-platform-facet\4.3.1\adventure-platform-facet-4.3.1.jar;C:\Users\ivano\.m2\repository\net\kyori\adventure-platform-viaversion\4.3.1\adventure-platform-viaversion-4.3.1.jar;C:\Users\ivano\.m2\repository\com\zaxxer\HikariCP\5.1.0\HikariCP-5.1.0.jar;C:\Users\ivano\.m2\repository\com\github\MilkBowl\VaultAPI\1.7\VaultAPI-1.7.jar;C:\Users\ivano\.m2\repository\org\bukkit\bukkit\1.13.1-R0.1-SNAPSHOT\bukkit-1.13.1-R0.1-SNAPSHOT.jar;C:\Users\ivano\.m2\repository\commons-lang\commons-lang\2.6\commons-lang-2.6.jar;C:\Users\ivano\.m2\repository\com\googlecode\json-simple\json-simple\1.1.1\json-simple-1.1.1.jar;C:\Users\ivano\.m2\repository\net\luckperms\api\5.4\api-5.4.jar;C:\Users\ivano\.m2\repository\com\github\Drawethree\UltraBackpacksAPI\v1.2.1\UltraBackpacksAPI-v1.2.1.jar;C:\Users\ivano\.m2\repository\me\lucko\helper\5.6.14\helper-5.6.14.jar;C:\Users\ivano\.m2\repository\me\lucko\shadow-bukkit\1.20.1\shadow-bukkit-1.20.1.jar;C:\Users\ivano\.m2\repository\me\lucko\shadow\1.3\shadow-1.3.jar;C:\Users\ivano\.m2\repository\com\flowpowered\flow-math\1.0.3\flow-math-1.0.3.jar;C:\Users\ivano\.m2\repository\net\jodah\expiringmap\0.5.9\expiringmap-0.5.9.jar;C:\Users\ivano\.m2\repository\net\kyori\event-api\3.0.0\event-api-3.0.0.jar;C:\Users\ivano\.m2\repository\net\objecthunter\exp4j\exp4j-0.4.3.BETA-1\exp4j-exp4j-0.4.3.BETA-1.jar;C:\Users\ivano\.m2\repository\com\github\lalyos\jfiglet\0.0.9\jfiglet-0.0.9.jar;C:\Users\ivano\.m2\repository\org\junit\jupiter\junit-jupiter-api\5.11.0-M1\junit-jupiter-api-5.11.0-M1.jar;C:\Users\ivano\.m2\repository\org\opentest4j\opentest4j\1.3.0\opentest4j-1.3.0.jar;C:\Users\ivano\.m2\repository\org\junit\platform\junit-platform-commons\1.11.0-M1\junit-platform-commons-1.11.0-M1.jar;C:\Users\ivano\.m2\repository\org\apiguardian\apiguardian-api\1.1.2\apiguardian-api-1.1.2.jar;C:\Users\ivano\.m2\repository\org\mockito\mockito-core\5.11.0\mockito-core-5.11.0.jar;C:\Users\ivano\.m2\repository\net\bytebuddy\byte-buddy\1.14.12\byte-buddy-1.14.12.jar;C:\Users\ivano\.m2\repository\net\bytebuddy\byte-buddy-agent\1.14.12\byte-buddy-agent-1.14.12.jar;C:\Users\ivano\.m2\repository\org\objenesis\objenesis\3.3\objenesis-3.3.jar;C:\Users\ivano\.m2\repository\org\mockito\mockito-inline\5.2.0\mockito-inline-5.2.0.jar;C:\Users\ivano\.m2\repository\org\projectlombok\lombok\1.18.32\lombok-1.18.32.jar;C:\Users\ivano\.m2\repository\org\junit\vintage\junit-vintage-engine\5.11.0-M1\junit-vintage-engine-5.11.0-M1.jar;C:\Users\ivano\.m2\repository\org\junit\platform\junit-platform-engine\1.11.0-M1\junit-platform-engine-1.11.0-M1.jar;C:\Users\ivano\.m2\repository\junit\junit\4.13.2\junit-4.13.2.jar;C:\Users\ivano\.m2\repository\org\hamcrest\hamcrest-core\1.3\hamcrest-core-1.3.jar;"/>
    <property name="java.vm.vendor" value="Amazon.com Inc."/>
    <property name="sun.arch.data.model" value="64"/>
    <property name="user.variant" value=""/>
    <property name="java.vendor.url" value="https://aws.amazon.com/corretto/"/>
    <property name="user.timezone" value="Europe/Rome"/>
    <property name="os.name" value="Windows 11"/>
    <property name="java.vm.specification.version" value="17"/>
    <property name="sun.java.launcher" value="SUN_STANDARD"/>
    <property name="user.country" value="IT"/>
    <property name="sun.boot.library.path" value="C:\Users\ivano\.jdks\corretto-17.0.10\bin"/>
    <property name="sun.java.command" value="C:\Users\ivano\AppData\Local\Temp\surefire7298659568124293200\surefirebooter-20240430170303500_3.jar C:\Users\ivano\AppData\Local\Temp\surefire7298659568124293200 2024-04-30T17-03-00_404-jvmRun1 surefire-20240430170303500_1tmp surefire_0-20240430170303500_2tmp"/>
    <property name="jdk.debug" value="release"/>
    <property name="surefire.test.class.path" value="C:\Users\ivano\IdeaProjects\X-Prison-Reloaded\target\test-classes;C:\Users\ivano\IdeaProjects\X-Prison-Reloaded\target\classes;C:\Users\ivano\.m2\repository\org\spigotmc\spigot-api\1.20.6-R0.1-SNAPSHOT\spigot-api-1.20.6-R0.1-SNAPSHOT.jar;C:\Users\ivano\.m2\repository\com\google\guava\guava\32.1.2-jre\guava-32.1.2-jre.jar;C:\Users\ivano\.m2\repository\com\google\guava\failureaccess\1.0.1\failureaccess-1.0.1.jar;C:\Users\ivano\.m2\repository\com\google\guava\listenablefuture\9999.0-empty-to-avoid-conflict-with-guava\listenablefuture-9999.0-empty-to-avoid-conflict-with-guava.jar;C:\Users\ivano\.m2\repository\com\google\errorprone\error_prone_annotations\2.18.0\error_prone_annotations-2.18.0.jar;C:\Users\ivano\.m2\repository\com\google\j2objc\j2objc-annotations\2.8\j2objc-annotations-2.8.jar;C:\Users\ivano\.m2\repository\com\google\code\gson\gson\2.10.1\gson-2.10.1.jar;C:\Users\ivano\.m2\repository\org\joml\joml\1.10.5\joml-1.10.5.jar;C:\Users\ivano\.m2\repository\net\md-5\bungeecord-chat\1.20-R0.2\bungeecord-chat-1.20-R0.2.jar;C:\Users\ivano\.m2\repository\org\yaml\snakeyaml\2.2\snakeyaml-2.2.jar;C:\Users\ivano\.m2\repository\com\mojang\authlib\4.0.43\authlib-4.0.43.jar;C:\Users\ivano\.m2\repository\com\google\code\findbugs\jsr305\3.0.2\jsr305-3.0.2.jar;C:\Users\ivano\.m2\repository\commons-io\commons-io\2.11.0\commons-io-2.11.0.jar;C:\Users\ivano\.m2\repository\org\apache\commons\commons-lang3\3.12.0\commons-lang3-3.12.0.jar;C:\Users\ivano\.m2\repository\org\slf4j\slf4j-api\1.8.0-beta4\slf4j-api-1.8.0-beta4.jar;C:\Users\ivano\IdeaProjects\X-Prison-Reloaded\libs\plugins\MineResetLite.jar;C:\Users\ivano\IdeaProjects\X-Prison-Reloaded\libs\plugins\MVdWPlaceholderAPI.jar;C:\Users\ivano\.m2\repository\com\saicone\rtag\rtag\1.5.2\rtag-1.5.2.jar;C:\Users\ivano\.m2\repository\com\saicone\rtag\rtag-item\1.5.2\rtag-item-1.5.2.jar;C:\Users\ivano\.m2\repository\org\postgresql\postgresql\42.7.3\postgresql-42.7.3.jar;C:\Users\ivano\.m2\repository\org\checkerframework\checker-qual\3.42.0\checker-qual-3.42.0.jar;C:\Users\ivano\.m2\repository\com\github\cryptomorin\XSeries\9.10.0\XSeries-9.10.0.jar;C:\Users\ivano\.m2\repository\org\codemc\worldguardwrapper\worldguardwrapper\1.2.1-SNAPSHOT\worldguardwrapper-1.2.1-SNAPSHOT.jar;C:\Users\ivano\.m2\repository\me\clip\placeholderapi\2.11.5\placeholderapi-2.11.5.jar;C:\Users\ivano\.m2\repository\org\jetbrains\annotations\23.0.0\annotations-23.0.0.jar;C:\Users\ivano\.m2\repository\org\bstats\bstats-bukkit\3.0.1\bstats-bukkit-3.0.1.jar;C:\Users\ivano\.m2\repository\org\bstats\bstats-base\3.0.1\bstats-base-3.0.1.jar;C:\Users\ivano\.m2\repository\net\kyori\adventure-platform-bukkit\4.3.1\adventure-platform-bukkit-4.3.1.jar;C:\Users\ivano\.m2\repository\net\kyori\adventure-platform-api\4.3.1\adventure-platform-api-4.3.1.jar;C:\Users\ivano\.m2\repository\net\kyori\adventure-api\4.13.1\adventure-api-4.13.1.jar;C:\Users\ivano\.m2\repository\net\kyori\adventure-key\4.13.1\adventure-key-4.13.1.jar;C:\Users\ivano\.m2\repository\net\kyori\adventure-text-serializer-bungeecord\4.3.1\adventure-text-serializer-bungeecord-4.3.1.jar;C:\Users\ivano\.m2\repository\net\kyori\adventure-text-serializer-legacy\4.13.1\adventure-text-serializer-legacy-4.13.1.jar;C:\Users\ivano\.m2\repository\net\kyori\adventure-nbt\4.13.1\adventure-nbt-4.13.1.jar;C:\Users\ivano\.m2\repository\net\kyori\examination-api\1.3.0\examination-api-1.3.0.jar;C:\Users\ivano\.m2\repository\net\kyori\examination-string\1.3.0\examination-string-1.3.0.jar;C:\Users\ivano\.m2\repository\net\kyori\adventure-text-serializer-gson\4.13.1\adventure-text-serializer-gson-4.13.1.jar;C:\Users\ivano\.m2\repository\net\kyori\adventure-text-serializer-gson-legacy-impl\4.13.1\adventure-text-serializer-gson-legacy-impl-4.13.1.jar;C:\Users\ivano\.m2\repository\net\kyori\adventure-platform-facet\4.3.1\adventure-platform-facet-4.3.1.jar;C:\Users\ivano\.m2\repository\net\kyori\adventure-platform-viaversion\4.3.1\adventure-platform-viaversion-4.3.1.jar;C:\Users\ivano\.m2\repository\com\zaxxer\HikariCP\5.1.0\HikariCP-5.1.0.jar;C:\Users\ivano\.m2\repository\com\github\MilkBowl\VaultAPI\1.7\VaultAPI-1.7.jar;C:\Users\ivano\.m2\repository\org\bukkit\bukkit\1.13.1-R0.1-SNAPSHOT\bukkit-1.13.1-R0.1-SNAPSHOT.jar;C:\Users\ivano\.m2\repository\commons-lang\commons-lang\2.6\commons-lang-2.6.jar;C:\Users\ivano\.m2\repository\com\googlecode\json-simple\json-simple\1.1.1\json-simple-1.1.1.jar;C:\Users\ivano\.m2\repository\net\luckperms\api\5.4\api-5.4.jar;C:\Users\ivano\.m2\repository\com\github\Drawethree\UltraBackpacksAPI\v1.2.1\UltraBackpacksAPI-v1.2.1.jar;C:\Users\ivano\.m2\repository\me\lucko\helper\5.6.14\helper-5.6.14.jar;C:\Users\ivano\.m2\repository\me\lucko\shadow-bukkit\1.20.1\shadow-bukkit-1.20.1.jar;C:\Users\ivano\.m2\repository\me\lucko\shadow\1.3\shadow-1.3.jar;C:\Users\ivano\.m2\repository\com\flowpowered\flow-math\1.0.3\flow-math-1.0.3.jar;C:\Users\ivano\.m2\repository\net\jodah\expiringmap\0.5.9\expiringmap-0.5.9.jar;C:\Users\ivano\.m2\repository\net\kyori\event-api\3.0.0\event-api-3.0.0.jar;C:\Users\ivano\.m2\repository\net\objecthunter\exp4j\exp4j-0.4.3.BETA-1\exp4j-exp4j-0.4.3.BETA-1.jar;C:\Users\ivano\.m2\repository\com\github\lalyos\jfiglet\0.0.9\jfiglet-0.0.9.jar;C:\Users\ivano\.m2\repository\org\junit\jupiter\junit-jupiter-api\5.11.0-M1\junit-jupiter-api-5.11.0-M1.jar;C:\Users\ivano\.m2\repository\org\opentest4j\opentest4j\1.3.0\opentest4j-1.3.0.jar;C:\Users\ivano\.m2\repository\org\junit\platform\junit-platform-commons\1.11.0-M1\junit-platform-commons-1.11.0-M1.jar;C:\Users\ivano\.m2\repository\org\apiguardian\apiguardian-api\1.1.2\apiguardian-api-1.1.2.jar;C:\Users\ivano\.m2\repository\org\mockito\mockito-core\5.11.0\mockito-core-5.11.0.jar;C:\Users\ivano\.m2\repository\net\bytebuddy\byte-buddy\1.14.12\byte-buddy-1.14.12.jar;C:\Users\ivano\.m2\repository\net\bytebuddy\byte-buddy-agent\1.14.12\byte-buddy-agent-1.14.12.jar;C:\Users\ivano\.m2\repository\org\objenesis\objenesis\3.3\objenesis-3.3.jar;C:\Users\ivano\.m2\repository\org\mockito\mockito-inline\5.2.0\mockito-inline-5.2.0.jar;C:\Users\ivano\.m2\repository\org\projectlombok\lombok\1.18.32\lombok-1.18.32.jar;C:\Users\ivano\.m2\repository\org\junit\vintage\junit-vintage-engine\5.11.0-M1\junit-vintage-engine-5.11.0-M1.jar;C:\Users\ivano\.m2\repository\org\junit\platform\junit-platform-engine\1.11.0-M1\junit-platform-engine-1.11.0-M1.jar;C:\Users\ivano\.m2\repository\junit\junit\4.13.2\junit-4.13.2.jar;C:\Users\ivano\.m2\repository\org\hamcrest\hamcrest-core\1.3\hamcrest-core-1.3.jar;"/>
    <property name="sun.cpu.endian" value="little"/>
    <property name="user.home" value="C:\Users\ivano"/>
    <property name="user.language" value="it"/>
    <property name="java.specification.vendor" value="Oracle Corporation"/>
    <property name="java.version.date" value="2024-01-16"/>
    <property name="java.home" value="C:\Users\ivano\.jdks\corretto-17.0.10"/>
    <property name="file.separator" value="\"/>
    <property name="basedir" value="C:\Users\ivano\IdeaProjects\X-Prison-Reloaded"/>
    <property name="java.vm.compressedOopsMode" value="Zero based"/>
    <property name="line.separator" value="&#10;"/>
    <property name="java.vm.specification.vendor" value="Oracle Corporation"/>
    <property name="java.specification.name" value="Java Platform API Specification"/>
    <property name="surefire.real.class.path" value="C:\Users\ivano\AppData\Local\Temp\surefire7298659568124293200\surefirebooter-20240430170303500_3.jar"/>
    <property name="user.script" value=""/>
    <property name="sun.management.compiler" value="HotSpot 64-Bit Tiered Compilers"/>
    <property name="java.runtime.version" value="17.0.10+7-LTS"/>
    <property name="user.name" value="ivano"/>
    <property name="path.separator" value=";"/>
    <property name="os.version" value="10.0"/>
    <property name="java.runtime.name" value="OpenJDK Runtime Environment"/>
    <property name="file.encoding" value="Cp1252"/>
    <property name="java.vm.name" value="OpenJDK 64-Bit Server VM"/>
    <property name="java.vendor.version" value="Corretto-17.0.10.7.1"/>
    <property name="localRepository" value="C:\Users\ivano\.m2\repository"/>
    <property name="java.vendor.url.bug" value="https://github.com/corretto/corretto-17/issues/"/>
    <property name="java.io.tmpdir" value="C:\Users\ivano\AppData\Local\Temp\"/>
    <property name="idea.version" value="2023.3.4"/>
    <property name="java.version" value="17.0.10"/>
    <property name="user.dir" value="C:\Users\ivano\IdeaProjects\X-Prison-Reloaded"/>
    <property name="os.arch" value="amd64"/>
    <property name="java.vm.specification.name" value="Java Virtual Machine Specification"/>
    <property name="sun.os.patch.level" value=""/>
    <property name="native.encoding" value="Cp1252"/>
    <property name="java.library.path" value="C:\Users\ivano\.jdks\corretto-17.0.10\bin;C:\Windows\Sun\Java\bin;C:\Windows\system32;C:\Windows;C:\Ruby32-x64\bin;C:\Program Files\Common Files\Oracle\Java\javapath;C:\Windows\system32;C:\Windows;C:\Windows\System32\Wbem;C:\Windows\System32\WindowsPowerShell\v1.0\;C:\Windows\System32\OpenSSH\;C:\Program Files (x86)\NVIDIA Corporation\PhysX\Common;C:\Program Files (x86)\Bitvise SSH Client;C:\Program Files\Git\cmd;C:\Program Files\Docker\Docker\resources\bin;C:\Program Files\Amazon\AWSCLIV2\;C:\Users\ivano\.config\herd\bin\nvm;C:\Program Files\nodejs;C:\Users\ivano\.config\herd\bin;C:\Users\ivano\AppData\Local\Microsoft\WindowsApps;C:\Users\ivano\AppData\Local\Programs\Microsoft VS Code\bin;C:\Users\ivano\.bun\bin;C:\Users\ivano\AppData\Local\Microsoft\WinGet\Links;;."/>
    <property name="java.vm.info" value="mixed mode, sharing"/>
    <property name="java.vendor" value="Amazon.com Inc."/>
    <property name="java.vm.version" value="17.0.10+7-LTS"/>
    <property name="sun.io.unicode.encoding" value="UnicodeLittle"/>
    <property name="java.class.version" value="61.0"/>
  </properties>
  <testcase name="formatNumbers" classname="dev.passarelli.xprison.utils.misc.MathUtilsTest" time="0.011"/>
</testsuite>